<?xml version="1.0" encoding="UTF-8"?>
<testng-results ignored="0" total="1" passed="1" failed="0" skipped="0">
  <reporter-output>
  </reporter-output>
  <suite started-at="2025-06-22T10:46:25 IST" name="Default suite" finished-at="2025-06-22T10:51:30 IST" duration-ms="304739">
    <groups>
    </groups>
    <test started-at="2025-06-22T10:46:25 IST" name="Default test" finished-at="2025-06-22T10:51:30 IST" duration-ms="304739">
      <class name="tests.SampleWebTest">
        <test-method is-config="true" signature="setUp()[pri:0, instance:tests.SampleWebTest@5d0a1059]" started-at="2025-06-22T10:46:25 IST" name="setUp" finished-at="2025-06-22T10:51:28 IST" duration-ms="302623" status="PASS">
          <reporter-output>
          </reporter-output>
        </test-method> <!-- setUp -->
        <test-method signature="validateTitle()[pri:0, instance:tests.SampleWebTest@5d0a1059]" started-at="2025-06-22T10:51:28 IST" name="validateTitle" finished-at="2025-06-22T10:51:29 IST" duration-ms="1764" status="PASS">
          <reporter-output>
          </reporter-output>
        </test-method> <!-- validateTitle -->
        <test-method is-config="true" signature="tearDown()[pri:0, instance:tests.SampleWebTest@5d0a1059]" started-at="2025-06-22T10:51:29 IST" name="tearDown" finished-at="2025-06-22T10:51:30 IST" duration-ms="278" status="PASS">
          <reporter-output>
          </reporter-output>
        </test-method> <!-- tearDown -->
      </class> <!-- tests.SampleWebTest -->
    </test> <!-- Default test -->
  </suite> <!-- Default suite -->
</testng-results>
