<?xml version="1.0" encoding="UTF-8"?>
<testng-results ignored="0" total="1" passed="1" failed="0" skipped="0">
  <reporter-output>
  </reporter-output>
  <suite started-at="2025-06-22T10:48:49 IST" name="Default suite" finished-at="2025-06-22T10:52:16 IST" duration-ms="207262">
    <groups>
    </groups>
    <test started-at="2025-06-22T10:48:49 IST" name="Default test" finished-at="2025-06-22T10:52:16 IST" duration-ms="207262">
      <class name="tests.SampleWebTest">
        <test-method is-config="true" signature="setUp()[pri:0, instance:tests.SampleWebTest@1de76cc7]" started-at="2025-06-22T10:48:49 IST" name="setUp" finished-at="2025-06-22T10:52:15 IST" duration-ms="205643" status="PASS">
          <reporter-output>
          </reporter-output>
        </test-method> <!-- setUp -->
        <test-method signature="validateTitle()[pri:0, instance:tests.SampleWebTest@1de76cc7]" started-at="2025-06-22T10:52:15 IST" name="validateTitle" finished-at="2025-06-22T10:52:16 IST" duration-ms="1295" status="PASS">
          <reporter-output>
          </reporter-output>
        </test-method> <!-- validateTitle -->
        <test-method is-config="true" signature="tearDown()[pri:0, instance:tests.SampleWebTest@1de76cc7]" started-at="2025-06-22T10:52:16 IST" name="tearDown" finished-at="2025-06-22T10:52:16 IST" duration-ms="255" status="PASS">
          <reporter-output>
          </reporter-output>
        </test-method> <!-- tearDown -->
      </class> <!-- tests.SampleWebTest -->
    </test> <!-- Default test -->
  </suite> <!-- Default suite -->
</testng-results>
